<?xml version="1.0" encoding="UTF-8"?>
<!-- Generated by org.testng.reporters.JUnitReportReporter -->
<testsuite hostname="FX-JSJ800" name="com.zhou.autotest.M1_fun_tv_home_cookiesAndLocalStorage" tests="5" failures="0" timestamp="16 Mar 2016 06:12:43 GMT" time="18.849" errors="0">
  <testcase name="testFUNCookies" time="0.045" classname="com.zhou.autotest.M1_fun_tv_home_cookiesAndLocalStorage"/>
  <testcase name="testClearLocalstorage" time="0.020" classname="com.zhou.autotest.M1_fun_tv_home_cookiesAndLocalStorage"/>
  <testcase name="testClickSkip" time="18.293" classname="com.zhou.autotest.M1_fun_tv_home_cookiesAndLocalStorage"/>
  <testcase name="testClearCookie" time="0.473" classname="com.zhou.autotest.M1_fun_tv_home_cookiesAndLocalStorage"/>
  <testcase name="testFUNLocalstorage" time="0.018" classname="com.zhou.autotest.M1_fun_tv_home_cookiesAndLocalStorage"/>
</testsuite>
