<?xml version="1.0" encoding="UTF-8"?>
<!-- Generated by org.testng.reporters.JUnitReportReporter -->
<testsuite hostname="FX-JSJ800" name="com.zhou.posidonautotest.vplay.SquaredanceRetrieval" tests="3" failures="0" timestamp="11 Mar 2016 10:42:39 GMT" time="0.124" errors="0">
  <testcase name="testSquaredanceTeaching" time="0.090" classname="com.zhou.posidonautotest.vplay.SquaredanceRetrieval"/>
  <testcase name="testSquaredanceFilters" time="0.015" classname="com.zhou.posidonautotest.vplay.SquaredanceRetrieval"/>
  <testcase name="testSquaredanceAll" time="0.019" classname="com.zhou.posidonautotest.vplay.SquaredanceRetrieval"/>
</testsuite>
