<?xml version="1.0" encoding="UTF-8"?>
<!-- Generated by org.testng.reporters.JUnitReportReporter -->
<testsuite hostname="FX-JSJ800" name="com.zhou.posidonautotest.vplay.LifeRetrieval" tests="3" failures="0" timestamp="14 Mar 2016 04:50:05 GMT" time="0.123" errors="0">
  <testcase name="testLifeFilters" time="0.014" classname="com.zhou.posidonautotest.vplay.LifeRetrieval"/>
  <testcase name="testLifeSituation" time="0.092" classname="com.zhou.posidonautotest.vplay.LifeRetrieval"/>
  <testcase name="testLifeAll" time="0.017" classname="com.zhou.posidonautotest.vplay.LifeRetrieval"/>
</testsuite>
