<?xml version="1.0" encoding="UTF-8"?>
<!-- Generated by org.testng.reporters.JUnitReportReporter -->
<testsuite hostname="FX-JSJ800" name="com.zhou.posidonautotest.mplay.TVSeriesRetrieval" tests="3" failures="0" timestamp="14 Mar 2016 04:50:05 GMT" time="0.144" errors="0">
  <testcase name="testTVSeriesDetail" time="0.112" classname="com.zhou.posidonautotest.mplay.TVSeriesRetrieval"/>
  <testcase name="testTVSeriesAll" time="0.019" classname="com.zhou.posidonautotest.mplay.TVSeriesRetrieval"/>
  <testcase name="testTVSeriesFilters" time="0.013" classname="com.zhou.posidonautotest.mplay.TVSeriesRetrieval"/>
</testsuite>
