<?xml version="1.0" encoding="UTF-8"?>
<!-- Generated by org.testng.reporters.JUnitReportReporter -->
<testsuite hostname="FX-JSJ800" name="com.zhou.posidonautotest.mplay.FilmRetrieval" tests="3" failures="0" timestamp="14 Mar 2016 04:50:05 GMT" time="0.110" errors="0">
  <testcase name="testFilmFilters" time="0.016" classname="com.zhou.posidonautotest.mplay.FilmRetrieval"/>
  <testcase name="testFilmDetail" time="0.073" classname="com.zhou.posidonautotest.mplay.FilmRetrieval"/>
  <testcase name="testFilmAll" time="0.021" classname="com.zhou.posidonautotest.mplay.FilmRetrieval"/>
</testsuite>
