<?xml version="1.0" encoding="UTF-8"?>
<!-- Generated by org.testng.reporters.JUnitReportReporter -->
<testsuite hostname="FX-JSJ800" name="com.zhou.posidonautotest.mplay.AnimalComicsRetrieval" tests="3" failures="0" timestamp="10 May 2016 05:20:04 GMT" time="0.284" errors="0">
  <testcase name="testAnimalComicsDetail" time="0.025" classname="com.zhou.posidonautotest.mplay.AnimalComicsRetrieval"/>
  <testcase name="testAnimalComicsAll" time="0.153" classname="com.zhou.posidonautotest.mplay.AnimalComicsRetrieval"/>
  <testcase name="testAnimalComicsFilters" time="0.106" classname="com.zhou.posidonautotest.mplay.AnimalComicsRetrieval"/>
</testsuite>
