<?xml version="1.0" encoding="UTF-8"?>
<!-- Generated by org.testng.reporters.JUnitReportReporter -->
<testsuite hostname="FX-JSJ800" name="com.zhou.posidonautotest.vplay.TourismRetrieval" tests="3" failures="0" timestamp="14 Mar 2016 04:50:05 GMT" time="0.353" errors="0">
  <testcase name="testTourismAll" time="0.253" classname="com.zhou.posidonautotest.vplay.TourismRetrieval"/>
  <testcase name="testTourismFilters" time="0.014" classname="com.zhou.posidonautotest.vplay.TourismRetrieval"/>
  <testcase name="testtourismGlobalGossip" time="0.086" classname="com.zhou.posidonautotest.vplay.TourismRetrieval"/>
</testsuite>
