<?xml version="1.0" encoding="UTF-8"?>
<!-- Generated by org.testng.reporters.JUnitReportReporter -->
<testsuite hostname="FX-JSJ800" name="com.zhou.posidonautotest.vplay.EPLRetrieval" tests="3" failures="0" timestamp="14 Mar 2016 04:50:05 GMT" time="0.189" errors="0">
  <testcase name="testEPLAll" time="0.098" classname="com.zhou.posidonautotest.vplay.EPLRetrieval"/>
  <testcase name="testEPLManchester" time="0.075" classname="com.zhou.posidonautotest.vplay.EPLRetrieval"/>
  <testcase name="testEPLFilters" time="0.016" classname="com.zhou.posidonautotest.vplay.EPLRetrieval"/>
</testsuite>
