<?xml version="1.0" encoding="UTF-8"?>
<!-- Generated by org.testng.reporters.JUnitReportReporter -->
<testsuite hostname="FX-JSJ800" name="com.zhou.posidonautotest.mplay.VideoLibrary" tests="9" failures="0" timestamp="11 Mar 2016 10:42:39 GMT" time="0.945" errors="0">
  <testcase name="testVideoLibraryAnimalComics" time="0.114" classname="com.zhou.posidonautotest.mplay.VideoLibrary"/>
  <testcase name="testVideoLibraryFilm" time="0.122" classname="com.zhou.posidonautotest.mplay.VideoLibrary"/>
  <testcase name="testVideoLibrary" time="0.421" classname="com.zhou.posidonautotest.mplay.VideoLibrary"/>
  <testcase name="testVideoLibraryTVseriesFilters" time="0.021" classname="com.zhou.posidonautotest.mplay.VideoLibrary"/>
  <testcase name="testVideoLibraryVarietyShowFilters" time="0.019" classname="com.zhou.posidonautotest.mplay.VideoLibrary"/>
  <testcase name="testVideoLibraryTVseries" time="0.101" classname="com.zhou.posidonautotest.mplay.VideoLibrary"/>
  <testcase name="testVideoLibraryFilmFilters" time="0.016" classname="com.zhou.posidonautotest.mplay.VideoLibrary"/>
  <testcase name="testVideoLibraryAnimalComicsFilters" time="0.019" classname="com.zhou.posidonautotest.mplay.VideoLibrary"/>
  <testcase name="testVideoLibraryVarietyshow" time="0.112" classname="com.zhou.posidonautotest.mplay.VideoLibrary"/>
</testsuite>
