<?xml version="1.0" encoding="UTF-8"?>
<!-- Generated by org.testng.reporters.JUnitReportReporter -->
<testsuite hostname="FX-JSJ800" name="com.zhou.posidonautotest.navigation.Search" tests="2" failures="0" timestamp="10 May 2016 05:20:04 GMT" time="0.112" errors="0">
  <testcase name="testMediaSearch" time="0.090" classname="com.zhou.posidonautotest.navigation.Search"/>
  <testcase name="testVideoSearch" time="0.022" classname="com.zhou.posidonautotest.navigation.Search"/>
</testsuite>
