<?xml version="1.0" encoding="UTF-8"?>
<!-- Generated by org.testng.reporters.JUnitReportReporter -->
<testsuite hostname="FX-JSJ800" name="com.zhou.posidonautotest.mplay.MicrofilmRetrieval" tests="3" failures="0" timestamp="14 Mar 2016 04:50:05 GMT" time="0.222" errors="0">
  <testcase name="testMicrofilmDetail" time="0.181" classname="com.zhou.posidonautotest.mplay.MicrofilmRetrieval"/>
  <testcase name="testMicrofilmFilters" time="0.017" classname="com.zhou.posidonautotest.mplay.MicrofilmRetrieval"/>
  <testcase name="testMicrofilmAll" time="0.024" classname="com.zhou.posidonautotest.mplay.MicrofilmRetrieval"/>
</testsuite>
