<?xml version="1.0" encoding="UTF-8"?>
<!-- Generated by org.testng.reporters.JUnitReportReporter -->
<testsuite hostname="FX-JSJ800" name="com.zhou.posidonautotest.navigation.Search" tests="2" failures="0" timestamp="14 Mar 2016 04:50:05 GMT" time="0.145" errors="0">
  <testcase name="testMediaSearch" time="0.077" classname="com.zhou.posidonautotest.navigation.Search"/>
  <testcase name="testVideoSearch" time="0.068" classname="com.zhou.posidonautotest.navigation.Search"/>
</testsuite>
