<?xml version="1.0" encoding="UTF-8"?>
<!-- Generated by org.testng.reporters.JUnitReportReporter -->
<testsuite hostname="FX-JSJ800" name="com.zhou.posidonautotest.vplay.MilitaryRetrieval" tests="3" failures="0" timestamp="10 May 2016 05:20:04 GMT" time="0.373" errors="0">
  <testcase name="testMilitaryFilters" time="0.025" classname="com.zhou.posidonautotest.vplay.MilitaryRetrieval"/>
  <testcase name="testMilitaryAll" time="0.128" classname="com.zhou.posidonautotest.vplay.MilitaryRetrieval"/>
  <testcase name="testMilitarySituation" time="0.220" classname="com.zhou.posidonautotest.vplay.MilitaryRetrieval"/>
</testsuite>
