<?xml version="1.0" encoding="UTF-8"?>
<!-- Generated by org.testng.reporters.JUnitReportReporter -->
<testsuite hostname="FX-JSJ800" name="com.zhou.posidonautotest.vplay.GameRetrieval" tests="3" failures="0" timestamp="14 Mar 2016 04:50:05 GMT" time="0.165" errors="0">
  <testcase name="testgameCompetition" time="0.119" classname="com.zhou.posidonautotest.vplay.GameRetrieval"/>
  <testcase name="testGameFilters" time="0.018" classname="com.zhou.posidonautotest.vplay.GameRetrieval"/>
  <testcase name="testGameAll" time="0.028" classname="com.zhou.posidonautotest.vplay.GameRetrieval"/>
</testsuite>
