<?xml version="1.0" encoding="UTF-8"?>
<!-- Generated by org.testng.reporters.JUnitReportReporter -->
<testsuite hostname="FX-JSJ800" name="com.zhou.posidonautotest.vplay.SportsRetrieval" tests="3" failures="0" timestamp="14 Mar 2016 04:50:05 GMT" time="0.050" errors="0">
  <testcase name="testsportsAll" time="0.018" classname="com.zhou.posidonautotest.vplay.SportsRetrieval"/>
  <testcase name="testsportsBasketball" time="0.017" classname="com.zhou.posidonautotest.vplay.SportsRetrieval"/>
  <testcase name="testSportsFilters" time="0.015" classname="com.zhou.posidonautotest.vplay.SportsRetrieval"/>
</testsuite>
