<?xml version="1.0" encoding="UTF-8"?>
<!-- Generated by org.testng.reporters.JUnitReportReporter -->
<testsuite hostname="FX-JSJ800" name="com.zhou.posidonautotest.vplay.EntertainmentRetrieval" tests="3" failures="0" timestamp="14 Mar 2016 04:50:05 GMT" time="0.053" errors="0">
  <testcase name="testEntertainmentHeadlines" time="0.020" classname="com.zhou.posidonautotest.vplay.EntertainmentRetrieval"/>
  <testcase name="testEntertainmentFilters" time="0.014" classname="com.zhou.posidonautotest.vplay.EntertainmentRetrieval"/>
  <testcase name="testEntertainmentAll" time="0.019" classname="com.zhou.posidonautotest.vplay.EntertainmentRetrieval"/>
</testsuite>
