<?xml version="1.0" encoding="UTF-8"?>
<!-- Generated by org.testng.reporters.JUnitReportReporter -->
<testsuite hostname="FX-JSJ800" name="com.zhou.posidonautotest.navigation.Search" tests="2" failures="0" timestamp="11 Mar 2016 10:42:39 GMT" time="0.141" errors="0">
  <testcase name="testMediaSearch" time="0.070" classname="com.zhou.posidonautotest.navigation.Search"/>
  <testcase name="testVideoSearch" time="0.071" classname="com.zhou.posidonautotest.navigation.Search"/>
</testsuite>
