<?xml version="1.0" encoding="UTF-8"?>
<!-- Generated by org.testng.reporters.JUnitReportReporter -->
<testsuite hostname="FX-JSJ800" name="com.zhou.posidonautotest.vplay.EPLRetrieval" tests="3" failures="0" timestamp="10 May 2016 05:20:04 GMT" time="0.269" errors="0">
  <testcase name="testEPLManchester" time="0.121" classname="com.zhou.posidonautotest.vplay.EPLRetrieval"/>
  <testcase name="testEPLFilters" time="0.021" classname="com.zhou.posidonautotest.vplay.EPLRetrieval"/>
  <testcase name="testEPLAll" time="0.127" classname="com.zhou.posidonautotest.vplay.EPLRetrieval"/>
</testsuite>
