<?xml version="1.0" encoding="UTF-8"?>
<!-- Generated by org.testng.reporters.JUnitReportReporter -->
<testsuite hostname="FX-JSJ800" name="com.zhou.posidonautotest.vplay.GameRetrieval" tests="3" failures="0" timestamp="11 Mar 2016 10:42:39 GMT" time="0.065" errors="0">
  <testcase name="testGameAll" time="0.021" classname="com.zhou.posidonautotest.vplay.GameRetrieval"/>
  <testcase name="testGameFilters" time="0.013" classname="com.zhou.posidonautotest.vplay.GameRetrieval"/>
  <testcase name="testgameCompetition" time="0.031" classname="com.zhou.posidonautotest.vplay.GameRetrieval"/>
</testsuite>
