<?xml version="1.0" encoding="UTF-8"?>
<!-- Generated by org.testng.reporters.JUnitReportReporter -->
<testsuite hostname="FX-JSJ800" name="com.zhou.posidonautotest.vplay.FunnyRetrieval" tests="3" failures="0" timestamp="14 Mar 2016 04:50:05 GMT" time="0.051" errors="0">
  <testcase name="testFunnyFilters" time="0.014" classname="com.zhou.posidonautotest.vplay.FunnyRetrieval"/>
  <testcase name="testFunnyAll" time="0.020" classname="com.zhou.posidonautotest.vplay.FunnyRetrieval"/>
  <testcase name="testFunnyPetDaily" time="0.017" classname="com.zhou.posidonautotest.vplay.FunnyRetrieval"/>
</testsuite>
