<?xml version="1.0" encoding="UTF-8"?>
<!-- Generated by org.testng.reporters.JUnitReportReporter -->
<testsuite hostname="FX-JSJ800" name="com.zhou.posidonautotest.navigation.VplayNavigation" tests="17" failures="0" timestamp="10 May 2016 05:20:04 GMT" time="2.453" errors="0">
  <testcase name="testSquaredanceNavigation" time="0.120" classname="com.zhou.posidonautotest.navigation.VplayNavigation"/>
  <testcase name="testsportsNavigation" time="0.154" classname="com.zhou.posidonautotest.navigation.VplayNavigation"/>
  <testcase name="testmilitaryNavigation" time="0.242" classname="com.zhou.posidonautotest.navigation.VplayNavigation"/>
  <testcase name="testLifeNavigation" time="0.148" classname="com.zhou.posidonautotest.navigation.VplayNavigation"/>
  <testcase name="testGuessYouLikeNavigation" time="0.019" classname="com.zhou.posidonautotest.navigation.VplayNavigation"/>
  <testcase name="testNewsNavigation" time="0.125" classname="com.zhou.posidonautotest.navigation.VplayNavigation"/>
  <testcase name="testHotspotNavigation" time="0.157" classname="com.zhou.posidonautotest.navigation.VplayNavigation"/>
  <testcase name="testfightingNavigation" time="0.125" classname="com.zhou.posidonautotest.navigation.VplayNavigation"/>
  <testcase name="testCarNavigation" time="0.149" classname="com.zhou.posidonautotest.navigation.VplayNavigation"/>
  <testcase name="testgameNavigation" time="0.148" classname="com.zhou.posidonautotest.navigation.VplayNavigation"/>
  <testcase name="testTourismNavigation" time="0.235" classname="com.zhou.posidonautotest.navigation.VplayNavigation"/>
  <testcase name="testFunnyNavigation" time="0.148" classname="com.zhou.posidonautotest.navigation.VplayNavigation"/>
  <testcase name="testVideoNumberNavigation" time="0.144" classname="com.zhou.posidonautotest.navigation.VplayNavigation"/>
  <testcase name="testScienceNavigation" time="0.131" classname="com.zhou.posidonautotest.navigation.VplayNavigation"/>
  <testcase name="testEntertainmentNavigation" time="0.136" classname="com.zhou.posidonautotest.navigation.VplayNavigation"/>
  <testcase name="testEPLNavigation" time="0.139" classname="com.zhou.posidonautotest.navigation.VplayNavigation"/>
  <testcase name="testFashionNavigation" time="0.133" classname="com.zhou.posidonautotest.navigation.VplayNavigation"/>
</testsuite>
