<?xml version="1.0" encoding="UTF-8"?>
<!-- Generated by org.testng.reporters.JUnitReportReporter -->
<testsuite hostname="FX-JSJ800" name="com.zhou.autotest.M1_fun_tv_home_user" tests="5" failures="0" timestamp="16 Mar 2016 06:12:43 GMT" time="47.511" errors="0">
  <testcase name="testClearRecentlyWatched" time="0.031" classname="com.zhou.autotest.M1_fun_tv_home_user"/>
  <testcase name="testPlayAndPause" time="25.029" classname="com.zhou.autotest.M1_fun_tv_home_user"/>
  <testcase name="testRecentlyWatched" time="0.096" classname="com.zhou.autotest.M1_fun_tv_home_user"/>
  <testcase name="testHeaderTab" time="16.078" classname="com.zhou.autotest.M1_fun_tv_home_user"/>
  <testcase name="testClickSkip" time="6.277" classname="com.zhou.autotest.M1_fun_tv_home_user"/>
</testsuite>
