<?xml version="1.0" encoding="UTF-8"?>
<!-- Generated by org.testng.reporters.JUnitReportReporter -->
<testsuite hostname="FX-JSJ800" name="com.zhou.posidonautotest.vplay.EPLRetrieval" tests="3" failures="0" timestamp="11 Mar 2016 10:42:39 GMT" time="0.250" errors="0">
  <testcase name="testEPLManchester" time="0.141" classname="com.zhou.posidonautotest.vplay.EPLRetrieval"/>
  <testcase name="testEPLFilters" time="0.023" classname="com.zhou.posidonautotest.vplay.EPLRetrieval"/>
  <testcase name="testEPLAll" time="0.086" classname="com.zhou.posidonautotest.vplay.EPLRetrieval"/>
</testsuite>
