<?xml version="1.0" encoding="UTF-8"?>
<!-- Generated by org.testng.reporters.JUnitReportReporter -->
<testsuite hostname="FX-JSJ800" name="com.zhou.posidonautotest.vplay.CarRetrieval" tests="3" failures="0" timestamp="11 Mar 2016 10:42:39 GMT" time="0.053" errors="0">
  <testcase name="testCarAll" time="0.022" classname="com.zhou.posidonautotest.vplay.CarRetrieval"/>
  <testcase name="testCarFilters" time="0.014" classname="com.zhou.posidonautotest.vplay.CarRetrieval"/>
  <testcase name="testcarFunNews" time="0.017" classname="com.zhou.posidonautotest.vplay.CarRetrieval"/>
</testsuite>
