<?xml version="1.0" encoding="UTF-8"?>
<!-- Generated by org.testng.reporters.JUnitReportReporter -->
<testsuite hostname="FX-JSJ800" name="com.zhou.posidonautotest.mplay.AnimalComicsRetrieval" tests="3" failures="0" timestamp="14 Mar 2016 04:50:05 GMT" time="0.201" errors="0">
  <testcase name="testAnimalComicsDetail" time="0.074" classname="com.zhou.posidonautotest.mplay.AnimalComicsRetrieval"/>
  <testcase name="testAnimalComicsAll" time="0.100" classname="com.zhou.posidonautotest.mplay.AnimalComicsRetrieval"/>
  <testcase name="testAnimalComicsFilters" time="0.027" classname="com.zhou.posidonautotest.mplay.AnimalComicsRetrieval"/>
</testsuite>
