<?xml version="1.0" encoding="UTF-8"?>
<!-- Generated by org.testng.reporters.JUnitReportReporter -->
<testsuite hostname="FX-JSJ800" name="com.zhou.posidonautotest.navigation.MplayNavigation" tests="7" failures="0" timestamp="11 Mar 2016 10:42:39 GMT" time="0.334" errors="0">
  <testcase name="testRecommentNavigation" time="0.052" classname="com.zhou.posidonautotest.navigation.MplayNavigation"/>
  <testcase name="testAnimalComicsNavigation" time="0.038" classname="com.zhou.posidonautotest.navigation.MplayNavigation"/>
  <testcase name="testVarietyShowNavigation" time="0.083" classname="com.zhou.posidonautotest.navigation.MplayNavigation"/>
  <testcase name="testMicrofilmNavigation" time="0.069" classname="com.zhou.posidonautotest.navigation.MplayNavigation"/>
  <testcase name="testVideoLibraryNavigation" time="0.032" classname="com.zhou.posidonautotest.navigation.MplayNavigation"/>
  <testcase name="testTVSeriesNavigation" time="0.027" classname="com.zhou.posidonautotest.navigation.MplayNavigation"/>
  <testcase name="testFilmNavigation" time="0.033" classname="com.zhou.posidonautotest.navigation.MplayNavigation"/>
</testsuite>
