<?xml version="1.0" encoding="UTF-8"?>
<!-- Generated by org.testng.reporters.JUnitReportReporter -->
<testsuite hostname="FX-JSJ800" name="com.zhou.posidonautotest.vplay.EntertainmentRetrieval" tests="3" failures="0" timestamp="11 Mar 2016 10:42:39 GMT" time="0.171" errors="0">
  <testcase name="testEntertainmentFilters" time="0.020" classname="com.zhou.posidonautotest.vplay.EntertainmentRetrieval"/>
  <testcase name="testEntertainmentHeadlines" time="0.133" classname="com.zhou.posidonautotest.vplay.EntertainmentRetrieval"/>
  <testcase name="testEntertainmentAll" time="0.018" classname="com.zhou.posidonautotest.vplay.EntertainmentRetrieval"/>
</testsuite>
