<?xml version="1.0" encoding="UTF-8"?>
<!-- Generated by org.testng.reporters.JUnitReportReporter -->
<testsuite hostname="FX-JSJ800" name="com.zhou.posidonautotest.vplay.MilitaryRetrieval" tests="3" failures="0" timestamp="14 Mar 2016 04:50:05 GMT" time="0.051" errors="0">
  <testcase name="testMilitaryFilters" time="0.016" classname="com.zhou.posidonautotest.vplay.MilitaryRetrieval"/>
  <testcase name="testMilitarySituation" time="0.017" classname="com.zhou.posidonautotest.vplay.MilitaryRetrieval"/>
  <testcase name="testMilitaryAll" time="0.018" classname="com.zhou.posidonautotest.vplay.MilitaryRetrieval"/>
</testsuite>
