<?xml version="1.0" encoding="UTF-8"?>
<!-- Generated by org.testng.reporters.JUnitReportReporter -->
<testsuite hostname="FX-JSJ800" name="com.zhou.posidonautotest.mplay.VarietyShowRetrieval" tests="3" failures="0" timestamp="11 Mar 2016 10:42:39 GMT" time="0.172" errors="0">
  <testcase name="testVarietyShowFilters" time="0.014" classname="com.zhou.posidonautotest.mplay.VarietyShowRetrieval"/>
  <testcase name="testVarietyShowDetail" time="0.073" classname="com.zhou.posidonautotest.mplay.VarietyShowRetrieval"/>
  <testcase name="testVarietyShowAll" time="0.085" classname="com.zhou.posidonautotest.mplay.VarietyShowRetrieval"/>
</testsuite>
