<?xml version="1.0" encoding="UTF-8"?>
<!-- Generated by org.testng.reporters.JUnitReportReporter -->
<testsuite hostname="FX-JSJ800" name="com.zhou.posidonautotest.vplay.HotSpotRetrieval" tests="3" failures="0" timestamp="10 May 2016 05:20:04 GMT" time="0.161" errors="0">
  <testcase name="testHotspotAll" time="0.118" classname="com.zhou.posidonautotest.vplay.HotSpotRetrieval"/>
  <testcase name="testHotspotThisMonth" time="0.026" classname="com.zhou.posidonautotest.vplay.HotSpotRetrieval"/>
  <testcase name="testHotspotFilters" time="0.017" classname="com.zhou.posidonautotest.vplay.HotSpotRetrieval"/>
</testsuite>
