<?xml version="1.0" encoding="UTF-8"?>
<!-- Generated by org.testng.reporters.JUnitReportReporter -->
<testsuite hostname="FX-JSJ800" name="com.zhou.posidonautotest.mplay.FilmRetrieval" tests="3" failures="0" timestamp="11 Mar 2016 10:42:39 GMT" time="0.129" errors="0">
  <testcase name="testFilmDetail" time="0.078" classname="com.zhou.posidonautotest.mplay.FilmRetrieval"/>
  <testcase name="testFilmAll" time="0.033" classname="com.zhou.posidonautotest.mplay.FilmRetrieval"/>
  <testcase name="testFilmFilters" time="0.018" classname="com.zhou.posidonautotest.mplay.FilmRetrieval"/>
</testsuite>
