<?xml version="1.0" encoding="UTF-8"?>
<!-- Generated by org.testng.reporters.JUnitReportReporter -->
<testsuite hostname="FX-JSJ800" name="com.zhou.posidonautotest.navigation.MplayNavigation" tests="7" failures="0" timestamp="10 May 2016 05:20:04 GMT" time="1.051" errors="0">
  <testcase name="testAnimalComicsNavigation" time="0.167" classname="com.zhou.posidonautotest.navigation.MplayNavigation"/>
  <testcase name="testFilmNavigation" time="0.160" classname="com.zhou.posidonautotest.navigation.MplayNavigation"/>
  <testcase name="testTVSeriesNavigation" time="0.146" classname="com.zhou.posidonautotest.navigation.MplayNavigation"/>
  <testcase name="testVarietyShowNavigation" time="0.132" classname="com.zhou.posidonautotest.navigation.MplayNavigation"/>
  <testcase name="testRecommentNavigation" time="0.186" classname="com.zhou.posidonautotest.navigation.MplayNavigation"/>
  <testcase name="testVideoLibraryNavigation" time="0.122" classname="com.zhou.posidonautotest.navigation.MplayNavigation"/>
  <testcase name="testMicrofilmNavigation" time="0.138" classname="com.zhou.posidonautotest.navigation.MplayNavigation"/>
</testsuite>
