<?xml version="1.0" encoding="UTF-8"?>
<!-- Generated by org.testng.reporters.JUnitReportReporter -->
<testsuite hostname="FX-JSJ800" name="com.zhou.posidonautotest.vplay.VideoNumber" tests="2" failures="0" timestamp="14 Mar 2016 04:50:05 GMT" time="0.156" errors="0">
  <testcase name="testVideoNumberlist" time="0.031" classname="com.zhou.posidonautotest.vplay.VideoNumber"/>
  <testcase name="testVideoNumberclasslist" time="0.125" classname="com.zhou.posidonautotest.vplay.VideoNumber"/>
</testsuite>
