<?xml version="1.0" encoding="UTF-8"?>
<!-- Generated by org.testng.reporters.JUnitReportReporter -->
<testsuite hostname="FX-JSJ800" name="com.zhou.posidonautotest.vplay.CarRetrieval" tests="3" failures="0" timestamp="14 Mar 2016 04:50:05 GMT" time="0.197" errors="0">
  <testcase name="testCarAll" time="0.018" classname="com.zhou.posidonautotest.vplay.CarRetrieval"/>
  <testcase name="testcarFunNews" time="0.158" classname="com.zhou.posidonautotest.vplay.CarRetrieval"/>
  <testcase name="testCarFilters" time="0.021" classname="com.zhou.posidonautotest.vplay.CarRetrieval"/>
</testsuite>
