<?xml version="1.0" encoding="UTF-8"?>
<!-- Generated by org.testng.reporters.JUnitReportReporter -->
<testsuite hostname="FX-JSJ800" name="com.zhou.autotest.M1_fun_tv_mplay_bigtosmall" tests="4" failures="0" timestamp="16 Mar 2016 06:07:58 GMT" time="42.500" errors="0">
  <testcase name="testClickSkip" time="7.359" classname="com.zhou.autotest.M1_fun_tv_mplay_bigtosmall"/>
  <testcase name="testBigAndSmall" time="10.066" classname="com.zhou.autotest.M1_fun_tv_mplay_bigtosmall"/>
  <testcase name="testPauseAndPlay" time="25.042" classname="com.zhou.autotest.M1_fun_tv_mplay_bigtosmall"/>
  <testcase name="testFUNCookies" time="0.033" classname="com.zhou.autotest.M1_fun_tv_mplay_bigtosmall"/>
</testsuite>
