<?xml version="1.0" encoding="UTF-8"?>
<!-- Generated by org.testng.reporters.JUnitReportReporter -->
<testsuite hostname="FX-JSJ800" name="com.zhou.posidonautotest.vplay.FunnyRetrieval" tests="3" failures="0" timestamp="11 Mar 2016 10:42:39 GMT" time="0.058" errors="0">
  <testcase name="testFunnyAll" time="0.021" classname="com.zhou.posidonautotest.vplay.FunnyRetrieval"/>
  <testcase name="testFunnyFilters" time="0.016" classname="com.zhou.posidonautotest.vplay.FunnyRetrieval"/>
  <testcase name="testFunnyPetDaily" time="0.021" classname="com.zhou.posidonautotest.vplay.FunnyRetrieval"/>
</testsuite>
