<?xml version="1.0" encoding="UTF-8"?>
<!-- Generated by org.testng.reporters.JUnitReportReporter -->
<testsuite hostname="FX-JSJ800" name="com.zhou.posidonautotest.vplay.NewsRetrieval" tests="3" failures="0" timestamp="11 Mar 2016 10:42:39 GMT" time="0.133" errors="0">
  <testcase name="testNewsFilters" time="0.017" classname="com.zhou.posidonautotest.vplay.NewsRetrieval"/>
  <testcase name="testNewsDomestic" time="0.091" classname="com.zhou.posidonautotest.vplay.NewsRetrieval"/>
  <testcase name="testNewsAll" time="0.025" classname="com.zhou.posidonautotest.vplay.NewsRetrieval"/>
</testsuite>
