<?xml version="1.0" encoding="UTF-8"?>
<!-- Generated by org.testng.reporters.JUnitReportReporter -->
<testsuite hostname="FX-JSJ800" name="com.zhou.posidonautotest.mplay.MicrofilmRetrieval" tests="3" failures="0" timestamp="11 Mar 2016 10:42:39 GMT" time="0.198" errors="0">
  <testcase name="testMicrofilmAll" time="0.089" classname="com.zhou.posidonautotest.mplay.MicrofilmRetrieval"/>
  <testcase name="testMicrofilmFilters" time="0.018" classname="com.zhou.posidonautotest.mplay.MicrofilmRetrieval"/>
  <testcase name="testMicrofilmDetail" time="0.091" classname="com.zhou.posidonautotest.mplay.MicrofilmRetrieval"/>
</testsuite>
