<?xml version="1.0" encoding="UTF-8"?>
<!-- Generated by org.testng.reporters.JUnitReportReporter -->
<testsuite hostname="FX-JSJ800" name="com.zhou.posidonautotest.vplay.VideoNumber" tests="2" failures="0" timestamp="10 May 2016 05:20:04 GMT" time="0.142" errors="0">
  <testcase name="testVideoNumberclasslist" time="0.027" classname="com.zhou.posidonautotest.vplay.VideoNumber"/>
  <testcase name="testVideoNumberlist" time="0.115" classname="com.zhou.posidonautotest.vplay.VideoNumber"/>
</testsuite>
