<?xml version="1.0" encoding="UTF-8"?>
<!-- Generated by org.testng.reporters.JUnitReportReporter -->
<testsuite hostname="FX-JSJ800" name="com.zhou.posidonautotest.vplay.SportsRetrieval" tests="3" failures="0" timestamp="11 Mar 2016 10:42:39 GMT" time="0.128" errors="0">
  <testcase name="testsportsBasketball" time="0.079" classname="com.zhou.posidonautotest.vplay.SportsRetrieval"/>
  <testcase name="testSportsFilters" time="0.016" classname="com.zhou.posidonautotest.vplay.SportsRetrieval"/>
  <testcase name="testsportsAll" time="0.033" classname="com.zhou.posidonautotest.vplay.SportsRetrieval"/>
</testsuite>
