<?xml version="1.0" encoding="UTF-8"?>
<!-- Generated by org.testng.reporters.JUnitReportReporter -->
<testsuite hostname="FX-JSJ800" name="com.zhou.posidonautotest.navigation.MplayNavigation" tests="7" failures="0" timestamp="14 Mar 2016 04:50:05 GMT" time="0.286" errors="0">
  <testcase name="testRecommentNavigation" time="0.037" classname="com.zhou.posidonautotest.navigation.MplayNavigation"/>
  <testcase name="testAnimalComicsNavigation" time="0.032" classname="com.zhou.posidonautotest.navigation.MplayNavigation"/>
  <testcase name="testVarietyShowNavigation" time="0.072" classname="com.zhou.posidonautotest.navigation.MplayNavigation"/>
  <testcase name="testMicrofilmNavigation" time="0.061" classname="com.zhou.posidonautotest.navigation.MplayNavigation"/>
  <testcase name="testVideoLibraryNavigation" time="0.024" classname="com.zhou.posidonautotest.navigation.MplayNavigation"/>
  <testcase name="testTVSeriesNavigation" time="0.029" classname="com.zhou.posidonautotest.navigation.MplayNavigation"/>
  <testcase name="testFilmNavigation" time="0.031" classname="com.zhou.posidonautotest.navigation.MplayNavigation"/>
</testsuite>
