<?xml version="1.0" encoding="UTF-8"?>
<!-- Generated by org.testng.reporters.JUnitReportReporter -->
<testsuite hostname="FX-JSJ800" name="com.zhou.autotest.M1_fun_tv_home_user6" tests="2" failures="0" timestamp="16 Mar 2016 06:12:43 GMT" time="24.841" errors="0">
  <testcase name="testLocationAndScroll" time="18.518" classname="com.zhou.autotest.M1_fun_tv_home_user6"/>
  <testcase name="testClickSkip" time="6.323" classname="com.zhou.autotest.M1_fun_tv_home_user6"/>
</testsuite>
