<?xml version="1.0" encoding="UTF-8"?>
<!-- Generated by org.testng.reporters.JUnitReportReporter -->
<testsuite hostname="FX-JSJ800" name="com.zhou.posidonautotest.mplay.TVSeriesRetrieval" tests="3" failures="0" timestamp="11 Mar 2016 10:42:39 GMT" time="0.101" errors="0">
  <testcase name="testTVSeriesFilters" time="0.015" classname="com.zhou.posidonautotest.mplay.TVSeriesRetrieval"/>
  <testcase name="testTVSeriesAll" time="0.020" classname="com.zhou.posidonautotest.mplay.TVSeriesRetrieval"/>
  <testcase name="testTVSeriesDetail" time="0.066" classname="com.zhou.posidonautotest.mplay.TVSeriesRetrieval"/>
</testsuite>
