<?xml version="1.0" encoding="UTF-8"?>
<!-- Generated by org.testng.reporters.JUnitReportReporter -->
<testsuite hostname="FX-JSJ800" name="com.zhou.posidonautotest.vplay.FashionRetrieval" tests="3" failures="0" timestamp="14 Mar 2016 04:50:05 GMT" time="0.059" errors="0">
  <testcase name="testFashionFilters" time="0.016" classname="com.zhou.posidonautotest.vplay.FashionRetrieval"/>
  <testcase name="testFashionAll" time="0.016" classname="com.zhou.posidonautotest.vplay.FashionRetrieval"/>
  <testcase name="testFashionStarStyle" time="0.027" classname="com.zhou.posidonautotest.vplay.FashionRetrieval"/>
</testsuite>
