<?xml version="1.0" encoding="UTF-8"?>
<!-- Generated by org.testng.reporters.JUnitReportReporter -->
<testsuite hostname="FX-JSJ800" name="com.zhou.autotest.M1_fun_tv_vplay" tests="3" failures="0" timestamp="16 Mar 2016 06:07:58 GMT" time="33.202" errors="0">
  <testcase name="testPauseAndPlay" time="25.038" classname="com.zhou.autotest.M1_fun_tv_vplay"/>
  <testcase name="testPlayNext" time="4.025" classname="com.zhou.autotest.M1_fun_tv_vplay"/>
  <testcase name="testClickSkip" time="4.139" classname="com.zhou.autotest.M1_fun_tv_vplay"/>
</testsuite>
