<?xml version="1.0" encoding="UTF-8"?>
<!-- Generated by org.testng.reporters.JUnitReportReporter -->
<testsuite hostname="FX-JSJ800" name="com.zhou.posidonautotest.vplay.SquaredanceRetrieval" tests="3" failures="0" timestamp="14 Mar 2016 04:50:05 GMT" time="0.100" errors="0">
  <testcase name="testSquaredanceAll" time="0.071" classname="com.zhou.posidonautotest.vplay.SquaredanceRetrieval"/>
  <testcase name="testSquaredanceFilters" time="0.012" classname="com.zhou.posidonautotest.vplay.SquaredanceRetrieval"/>
  <testcase name="testSquaredanceTeaching" time="0.017" classname="com.zhou.posidonautotest.vplay.SquaredanceRetrieval"/>
</testsuite>
