<?xml version="1.0" encoding="UTF-8"?>
<!-- Generated by org.testng.reporters.JUnitReportReporter -->
<testsuite hostname="FX-JSJ800" name="com.zhou.autotest.M1_fun_tv_home_user2" tests="4" failures="0" timestamp="16 Mar 2016 06:12:43 GMT" time="30.203" errors="0">
  <testcase name="testClickSkip" time="6.364" classname="com.zhou.autotest.M1_fun_tv_home_user2"/>
  <testcase name="testCookie" time="0.041" classname="com.zhou.autotest.M1_fun_tv_home_user2"/>
  <testcase name="testFilm" time="20.645" classname="com.zhou.autotest.M1_fun_tv_home_user2"/>
  <testcase name="testLocalStorage" time="3.153" classname="com.zhou.autotest.M1_fun_tv_home_user2"/>
</testsuite>
