<?xml version="1.0" encoding="UTF-8"?>
<!-- Generated by org.testng.reporters.JUnitReportReporter -->
<testsuite hostname="FX-JSJ800" name="com.zhou.posidonautotest.vplay.FightingRetrieval" tests="3" failures="0" timestamp="14 Mar 2016 04:50:05 GMT" time="0.109" errors="0">
  <testcase name="testFightingAll" time="0.017" classname="com.zhou.posidonautotest.vplay.FightingRetrieval"/>
  <testcase name="testFightingFilters" time="0.015" classname="com.zhou.posidonautotest.vplay.FightingRetrieval"/>
  <testcase name="testfightingBoxing" time="0.077" classname="com.zhou.posidonautotest.vplay.FightingRetrieval"/>
</testsuite>
