<?xml version="1.0" encoding="UTF-8"?>
<!-- Generated by org.testng.reporters.JUnitReportReporter -->
<testsuite hostname="FX-JSJ800" name="com.zhou.posidonautotest.vplay.FightingRetrieval" tests="3" failures="0" timestamp="11 Mar 2016 10:42:39 GMT" time="0.153" errors="0">
  <testcase name="testFightingFilters" time="0.020" classname="com.zhou.posidonautotest.vplay.FightingRetrieval"/>
  <testcase name="testfightingBoxing" time="0.035" classname="com.zhou.posidonautotest.vplay.FightingRetrieval"/>
  <testcase name="testFightingAll" time="0.098" classname="com.zhou.posidonautotest.vplay.FightingRetrieval"/>
</testsuite>
