<?xml version="1.0" encoding="UTF-8"?>
<!-- Generated by org.testng.reporters.JUnitReportReporter -->
<testsuite hostname="FX-JSJ800" name="com.zhou.posidonautotest.vplay.MilitaryRetrieval" tests="3" failures="0" timestamp="11 Mar 2016 10:42:39 GMT" time="0.157" errors="0">
  <testcase name="testMilitaryFilters" time="0.014" classname="com.zhou.posidonautotest.vplay.MilitaryRetrieval"/>
  <testcase name="testMilitarySituation" time="0.127" classname="com.zhou.posidonautotest.vplay.MilitaryRetrieval"/>
  <testcase name="testMilitaryAll" time="0.016" classname="com.zhou.posidonautotest.vplay.MilitaryRetrieval"/>
</testsuite>
