<?xml version="1.0" encoding="UTF-8"?>
<!-- Generated by org.testng.reporters.JUnitReportReporter -->
<testsuite hostname="FX-JSJ800" name="com.zhou.posidonautotest.vplay.FunnyRetrieval" tests="3" failures="0" timestamp="10 May 2016 05:20:04 GMT" time="0.365" errors="0">
  <testcase name="testFunnyPetDaily" time="0.207" classname="com.zhou.posidonautotest.vplay.FunnyRetrieval"/>
  <testcase name="testFunnyFilters" time="0.029" classname="com.zhou.posidonautotest.vplay.FunnyRetrieval"/>
  <testcase name="testFunnyAll" time="0.129" classname="com.zhou.posidonautotest.vplay.FunnyRetrieval"/>
</testsuite>
