<?xml version="1.0" encoding="UTF-8"?>
<!-- Generated by org.testng.reporters.JUnitReportReporter -->
<testsuite hostname="FX-JSJ800" name="com.zhou.posidonautotest.vplay.FashionRetrieval" tests="3" failures="0" timestamp="10 May 2016 05:20:04 GMT" time="0.274" errors="0">
  <testcase name="testFashionAll" time="0.125" classname="com.zhou.posidonautotest.vplay.FashionRetrieval"/>
  <testcase name="testFashionStarStyle" time="0.128" classname="com.zhou.posidonautotest.vplay.FashionRetrieval"/>
  <testcase name="testFashionFilters" time="0.021" classname="com.zhou.posidonautotest.vplay.FashionRetrieval"/>
</testsuite>
