<?xml version="1.0" encoding="UTF-8"?>
<!-- Generated by org.testng.reporters.JUnitReportReporter -->
<testsuite hostname="FX-JSJ800" name="com.zhou.posidonautotest.vplay.TourismRetrieval" tests="3" failures="0" timestamp="11 Mar 2016 10:42:39 GMT" time="0.278" errors="0">
  <testcase name="testTourismFilters" time="0.022" classname="com.zhou.posidonautotest.vplay.TourismRetrieval"/>
  <testcase name="testTourismAll" time="0.164" classname="com.zhou.posidonautotest.vplay.TourismRetrieval"/>
  <testcase name="testtourismGlobalGossip" time="0.092" classname="com.zhou.posidonautotest.vplay.TourismRetrieval"/>
</testsuite>
