<?xml version="1.0" encoding="UTF-8"?>
<!-- Generated by org.testng.reporters.JUnitReportReporter -->
<testsuite hostname="FX-JSJ800" name="com.zhou.posidonautotest.vplay.FightingRetrieval" tests="3" failures="0" timestamp="10 May 2016 05:20:04 GMT" time="0.357" errors="0">
  <testcase name="testFightingFilters" time="0.095" classname="com.zhou.posidonautotest.vplay.FightingRetrieval"/>
  <testcase name="testFightingAll" time="0.139" classname="com.zhou.posidonautotest.vplay.FightingRetrieval"/>
  <testcase name="testfightingBoxing" time="0.123" classname="com.zhou.posidonautotest.vplay.FightingRetrieval"/>
</testsuite>
