<?xml version="1.0" encoding="UTF-8"?>
<!-- Generated by org.testng.reporters.JUnitReportReporter -->
<testsuite hostname="FX-JSJ800" name="com.zhou.posidonautotest.vplay.FashionRetrieval" tests="3" failures="0" timestamp="11 Mar 2016 10:42:39 GMT" time="0.051" errors="0">
  <testcase name="testFashionFilters" time="0.013" classname="com.zhou.posidonautotest.vplay.FashionRetrieval"/>
  <testcase name="testFashionAll" time="0.019" classname="com.zhou.posidonautotest.vplay.FashionRetrieval"/>
  <testcase name="testFashionStarStyle" time="0.019" classname="com.zhou.posidonautotest.vplay.FashionRetrieval"/>
</testsuite>
