<?xml version="1.0" encoding="UTF-8"?>
<!-- Generated by org.testng.reporters.JUnitReportReporter -->
<testsuite hostname="FX-JSJ800" name="com.zhou.autotest.channel.M1_fun_tv_vplay" tests="3" failures="0" timestamp="22 Apr 2016 09:16:07 GMT" time="37.661" errors="0">
  <testcase name="testPlayNext" time="9.335" classname="com.zhou.autotest.channel.M1_fun_tv_vplay"/>
  <testcase name="testClickSkip" time="3.281" classname="com.zhou.autotest.channel.M1_fun_tv_vplay"/>
  <testcase name="testPauseAndPlay" time="25.045" classname="com.zhou.autotest.channel.M1_fun_tv_vplay"/>
</testsuite>
