<?xml version="1.0" encoding="UTF-8"?>
<!-- Generated by org.testng.reporters.JUnitReportReporter -->
<testsuite hostname="FX-JSJ800" name="com.zhou.posidonautotest.vplay.CarRetrieval" tests="3" failures="0" timestamp="10 May 2016 05:20:04 GMT" time="0.252" errors="0">
  <testcase name="testcarFunNews" time="0.124" classname="com.zhou.posidonautotest.vplay.CarRetrieval"/>
  <testcase name="testCarAll" time="0.114" classname="com.zhou.posidonautotest.vplay.CarRetrieval"/>
  <testcase name="testCarFilters" time="0.014" classname="com.zhou.posidonautotest.vplay.CarRetrieval"/>
</testsuite>
