<?xml version="1.0" encoding="UTF-8"?>
<!-- Generated by org.testng.reporters.JUnitReportReporter -->
<testsuite hostname="FX-JSJ800" name="com.zhou.posidonautotest.vplay.LifeRetrieval" tests="3" failures="0" timestamp="11 Mar 2016 10:42:39 GMT" time="0.060" errors="0">
  <testcase name="testLifeFilters" time="0.015" classname="com.zhou.posidonautotest.vplay.LifeRetrieval"/>
  <testcase name="testLifeSituation" time="0.021" classname="com.zhou.posidonautotest.vplay.LifeRetrieval"/>
  <testcase name="testLifeAll" time="0.024" classname="com.zhou.posidonautotest.vplay.LifeRetrieval"/>
</testsuite>
