<?xml version="1.0" encoding="UTF-8"?>
<!-- Generated by org.testng.reporters.JUnitReportReporter -->
<testsuite hostname="FX-JSJ800" name="com.zhou.autotest.M1_fun_tv_mplay" tests="2" failures="0" timestamp="16 Mar 2016 06:07:58 GMT" time="28.670" errors="0">
  <testcase name="testClickSkip" time="3.630" classname="com.zhou.autotest.M1_fun_tv_mplay"/>
  <testcase name="testPauseAndPlay" time="25.040" classname="com.zhou.autotest.M1_fun_tv_mplay"/>
</testsuite>
