<?xml version="1.0" encoding="UTF-8"?>
<!-- Generated by org.testng.reporters.JUnitReportReporter -->
<testsuite hostname="FX-JSJ800" name="com.zhou.posidonautotest.mplay.TVSeriesRetrieval" tests="3" failures="0" timestamp="10 May 2016 05:20:04 GMT" time="0.270" errors="0">
  <testcase name="testTVSeriesAll" time="0.047" classname="com.zhou.posidonautotest.mplay.TVSeriesRetrieval"/>
  <testcase name="testTVSeriesDetail" time="0.109" classname="com.zhou.posidonautotest.mplay.TVSeriesRetrieval"/>
  <testcase name="testTVSeriesFilters" time="0.114" classname="com.zhou.posidonautotest.mplay.TVSeriesRetrieval"/>
</testsuite>
