<?xml version="1.0" encoding="UTF-8"?>
<!-- Generated by org.testng.reporters.JUnitReportReporter -->
<testsuite hostname="FX-JSJ800" name="com.zhou.posidonautotest.mplay.VarietyShowRetrieval" tests="3" failures="0" timestamp="14 Mar 2016 04:50:05 GMT" time="0.384" errors="0">
  <testcase name="testVarietyShowDetail" time="0.175" classname="com.zhou.posidonautotest.mplay.VarietyShowRetrieval"/>
  <testcase name="testVarietyShowAll" time="0.186" classname="com.zhou.posidonautotest.mplay.VarietyShowRetrieval"/>
  <testcase name="testVarietyShowFilters" time="0.023" classname="com.zhou.posidonautotest.mplay.VarietyShowRetrieval"/>
</testsuite>
