<?xml version="1.0" encoding="UTF-8"?>
<!-- Generated by org.testng.reporters.JUnitReportReporter -->
<testsuite hostname="FX-JSJ800" name="com.zhou.autotest.channel.M1_fun_tv_mplay" tests="2" failures="0" timestamp="22 Apr 2016 09:16:07 GMT" time="28.724" errors="0">
  <testcase name="testClickSkip" time="3.662" classname="com.zhou.autotest.channel.M1_fun_tv_mplay"/>
  <testcase name="testPauseAndPlay" time="25.062" classname="com.zhou.autotest.channel.M1_fun_tv_mplay"/>
</testsuite>
