<?xml version="1.0" encoding="UTF-8"?>
<!-- Generated by org.testng.reporters.JUnitReportReporter -->
<testsuite hostname="FX-JSJ800" name="com.zhou.autotest.channel.M1_fun_tv_mplay_bigtosmall" tests="4" failures="0" timestamp="22 Apr 2016 09:16:07 GMT" time="41.856" errors="0">
  <testcase name="testPauseAndPlay" time="25.038" classname="com.zhou.autotest.channel.M1_fun_tv_mplay_bigtosmall"/>
  <testcase name="testBigAndSmall" time="10.060" classname="com.zhou.autotest.channel.M1_fun_tv_mplay_bigtosmall"/>
  <testcase name="testClickSkip" time="6.734" classname="com.zhou.autotest.channel.M1_fun_tv_mplay_bigtosmall"/>
  <testcase name="testFUNCookies" time="0.024" classname="com.zhou.autotest.channel.M1_fun_tv_mplay_bigtosmall"/>
</testsuite>
