<?xml version="1.0" encoding="UTF-8"?>
<!-- Generated by org.testng.reporters.JUnitReportReporter -->
<testsuite hostname="FX-JSJ800" name="com.zhou.autotest.M1_fun_tv_home_user3" tests="5" failures="0" timestamp="16 Mar 2016 06:12:43 GMT" time="46.220" errors="0">
  <testcase name="testLocalStorage" time="3.040" classname="com.zhou.autotest.M1_fun_tv_home_user3"/>
  <testcase name="testCookie" time="0.039" classname="com.zhou.autotest.M1_fun_tv_home_user3"/>
  <testcase name="testTVSeries" time="23.616" classname="com.zhou.autotest.M1_fun_tv_home_user3"/>
  <testcase name="testClickSkip" time="6.394" classname="com.zhou.autotest.M1_fun_tv_home_user3"/>
  <testcase name="testEpisodes" time="13.131" classname="com.zhou.autotest.M1_fun_tv_home_user3"/>
</testsuite>
