<?xml version="1.0" encoding="UTF-8"?>
<!-- Generated by org.testng.reporters.JUnitReportReporter -->
<testsuite hostname="FX-JSJ800" name="com.zhou.posidonautotest.vip.Vip" tests="3" failures="0" timestamp="10 May 2016 05:20:04 GMT" time="0.368" errors="0">
  <testcase name="testVipNavigation" time="0.226" classname="com.zhou.posidonautotest.vip.Vip"/>
  <testcase name="testVipRetrieval" time="0.128" classname="com.zhou.posidonautotest.vip.Vip"/>
  <testcase name="testVipFilter" time="0.014" classname="com.zhou.posidonautotest.vip.Vip"/>
</testsuite>
