<?xml version="1.0" encoding="UTF-8"?>
<!-- Generated by org.testng.reporters.JUnitReportReporter -->
<testsuite hostname="FX-JSJ800" name="com.zhou.posidonautotest.vplay.GameRetrieval" tests="3" failures="0" timestamp="10 May 2016 05:20:04 GMT" time="0.075" errors="0">
  <testcase name="testgameCompetition" time="0.024" classname="com.zhou.posidonautotest.vplay.GameRetrieval"/>
  <testcase name="testGameFilters" time="0.014" classname="com.zhou.posidonautotest.vplay.GameRetrieval"/>
  <testcase name="testGameAll" time="0.037" classname="com.zhou.posidonautotest.vplay.GameRetrieval"/>
</testsuite>
