<?xml version="1.0" encoding="UTF-8"?>
<!-- Generated by org.testng.reporters.JUnitReportReporter -->
<testsuite hostname="FX-JSJ800" name="com.zhou.posidonautotest.vplay.LifeRetrieval" tests="3" failures="0" timestamp="10 May 2016 05:20:04 GMT" time="0.164" errors="0">
  <testcase name="testLifeFilters" time="0.019" classname="com.zhou.posidonautotest.vplay.LifeRetrieval"/>
  <testcase name="testLifeAll" time="0.026" classname="com.zhou.posidonautotest.vplay.LifeRetrieval"/>
  <testcase name="testLifeSituation" time="0.119" classname="com.zhou.posidonautotest.vplay.LifeRetrieval"/>
</testsuite>
