<?xml version="1.0" encoding="UTF-8"?>
<!-- Generated by org.testng.reporters.JUnitReportReporter -->
<testsuite hostname="FX-JSJ800" name="com.zhou.autotest.user.M1_fun_tv_home_user8_AnimalComics" tests="8" failures="0" timestamp="17 Mar 2016 02:04:47 GMT" time="129.799" errors="0">
  <testcase name="PauseAndPlay" time="26.187" classname="com.zhou.autotest.user.M1_fun_tv_home_user8_AnimalComics"/>
  <testcase name="testAnimalComics" time="39.651" classname="com.zhou.autotest.user.M1_fun_tv_home_user8_AnimalComics"/>
  <testcase name="backford" time="0.257" classname="com.zhou.autotest.user.M1_fun_tv_home_user8_AnimalComics"/>
  <testcase name="hot" time="4.088" classname="com.zhou.autotest.user.M1_fun_tv_home_user8_AnimalComics"/>
  <testcase name="hotclick" time="38.999" classname="com.zhou.autotest.user.M1_fun_tv_home_user8_AnimalComics"/>
  <testcase name="testClickSkip" time="17.495" classname="com.zhou.autotest.user.M1_fun_tv_home_user8_AnimalComics"/>
  <testcase name="testLocalStorage" time="3.075" classname="com.zhou.autotest.user.M1_fun_tv_home_user8_AnimalComics"/>
  <testcase name="testCookie" time="0.047" classname="com.zhou.autotest.user.M1_fun_tv_home_user8_AnimalComics"/>
</testsuite>
