<?xml version="1.0" encoding="UTF-8"?>
<!-- Generated by org.testng.reporters.JUnitReportReporter -->
<testsuite hostname="FX-JSJ800" name="com.zhou.posidonautotest.mplay.FilmRetrieval" tests="3" failures="0" timestamp="10 May 2016 05:20:04 GMT" time="0.263" errors="0">
  <testcase name="testFilmFilters" time="0.022" classname="com.zhou.posidonautotest.mplay.FilmRetrieval"/>
  <testcase name="testFilmAll" time="0.129" classname="com.zhou.posidonautotest.mplay.FilmRetrieval"/>
  <testcase name="testFilmDetail" time="0.112" classname="com.zhou.posidonautotest.mplay.FilmRetrieval"/>
</testsuite>
