<?xml version="1.0" encoding="UTF-8"?>
<!-- Generated by org.testng.reporters.JUnitReportReporter -->
<testsuite hostname="FX-JSJ800" name="com.zhou.autotest.parter.M1_fun_tv_vplay_parterOnePoint" tests="2" failures="0" timestamp="22 Apr 2016 09:16:07 GMT" time="10.385" errors="0">
  <testcase name="testOpen" time="0.330" classname="com.zhou.autotest.parter.M1_fun_tv_vplay_parterOnePoint"/>
  <testcase name="testPauseAndPlay" time="10.055" classname="com.zhou.autotest.parter.M1_fun_tv_vplay_parterOnePoint"/>
</testsuite>
