<?xml version="1.0" encoding="UTF-8"?>
<!-- Generated by org.testng.reporters.JUnitReportReporter -->
<testsuite hostname="FX-JSJ800" name="com.zhou.posidonautotest.vplay.TourismRetrieval" tests="3" failures="0" timestamp="10 May 2016 05:20:04 GMT" time="0.263" errors="0">
  <testcase name="testTourismFilters" time="0.020" classname="com.zhou.posidonautotest.vplay.TourismRetrieval"/>
  <testcase name="testtourismGlobalGossip" time="0.123" classname="com.zhou.posidonautotest.vplay.TourismRetrieval"/>
  <testcase name="testTourismAll" time="0.120" classname="com.zhou.posidonautotest.vplay.TourismRetrieval"/>
</testsuite>
