<?xml version="1.0" encoding="UTF-8"?>
<!-- Generated by org.testng.reporters.JUnitReportReporter -->
<testsuite hostname="FX-JSJ800" name="com.zhou.autotest.user.M1_fun_tv_home_user4_Recomment" tests="5" failures="0" timestamp="22 Apr 2016 05:45:47 GMT" time="87.813" errors="0">
  <testcase name="testVplay" time="16.232" classname="com.zhou.autotest.user.M1_fun_tv_home_user4_Recomment"/>
  <testcase name="testCookie" time="0.046" classname="com.zhou.autotest.user.M1_fun_tv_home_user4_Recomment"/>
  <testcase name="testLocalStorage" time="3.104" classname="com.zhou.autotest.user.M1_fun_tv_home_user4_Recomment"/>
  <testcase name="testNextAndLocalStorage" time="62.011" classname="com.zhou.autotest.user.M1_fun_tv_home_user4_Recomment"/>
  <testcase name="testClickSkip" time="6.420" classname="com.zhou.autotest.user.M1_fun_tv_home_user4_Recomment"/>
</testsuite>
