<?xml version="1.0" encoding="UTF-8"?>
<!-- Generated by org.testng.reporters.JUnitReportReporter -->
<testsuite hostname="FX-JSJ800" name="com.zhou.posidonautotest.vplay.EntertainmentRetrieval" tests="3" failures="0" timestamp="10 May 2016 05:20:04 GMT" time="0.368" errors="0">
  <testcase name="testEntertainmentHeadlines" time="0.022" classname="com.zhou.posidonautotest.vplay.EntertainmentRetrieval"/>
  <testcase name="testEntertainmentFilters" time="0.014" classname="com.zhou.posidonautotest.vplay.EntertainmentRetrieval"/>
  <testcase name="testEntertainmentAll" time="0.332" classname="com.zhou.posidonautotest.vplay.EntertainmentRetrieval"/>
</testsuite>
