<?xml version="1.0" encoding="UTF-8"?>
<!-- Generated by org.testng.reporters.JUnitReportReporter -->
<testsuite hostname="FX-JSJ800" name="com.zhou.posidonautotest.mplay.VarietyShowRetrieval" tests="3" failures="0" timestamp="10 May 2016 05:20:04 GMT" time="0.272" errors="0">
  <testcase name="testVarietyShowAll" time="0.139" classname="com.zhou.posidonautotest.mplay.VarietyShowRetrieval"/>
  <testcase name="testVarietyShowFilters" time="0.114" classname="com.zhou.posidonautotest.mplay.VarietyShowRetrieval"/>
  <testcase name="testVarietyShowDetail" time="0.019" classname="com.zhou.posidonautotest.mplay.VarietyShowRetrieval"/>
</testsuite>
