<?xml version="1.0" encoding="UTF-8"?>
<!-- Generated by org.testng.reporters.JUnitReportReporter -->
<testsuite hostname="FX-JSJ800" name="com.zhou.autotest.user.M1_fun_tv_home_user5_Search" tests="5" failures="0" timestamp="22 Apr 2016 05:45:47 GMT" time="28.254" errors="0">
  <testcase name="testSearch" time="12.303" classname="com.zhou.autotest.user.M1_fun_tv_home_user5_Search"/>
  <testcase name="testRecentSearchLocalStorage" time="6.154" classname="com.zhou.autotest.user.M1_fun_tv_home_user5_Search"/>
  <testcase name="testPlayShow" time="3.060" classname="com.zhou.autotest.user.M1_fun_tv_home_user5_Search"/>
  <testcase name="testClickSkip" time="6.711" classname="com.zhou.autotest.user.M1_fun_tv_home_user5_Search"/>
  <testcase name="testTextShow" time="0.026" classname="com.zhou.autotest.user.M1_fun_tv_home_user5_Search"/>
</testsuite>
