<?xml version="1.0" encoding="UTF-8"?>
<!-- Generated by org.testng.reporters.JUnitReportReporter -->
<testsuite hostname="FX-JSJ800" name="com.zhou.autotest.user.M1_fun_tv_home_user7_Microfilm" tests="6" failures="0" timestamp="22 Apr 2016 05:45:47 GMT" time="57.567" errors="0">
  <testcase name="testClickSkip" time="6.443" classname="com.zhou.autotest.user.M1_fun_tv_home_user7_Microfilm"/>
  <testcase name="testCookie" time="0.022" classname="com.zhou.autotest.user.M1_fun_tv_home_user7_Microfilm"/>
  <testcase name="PauseAndPlay" time="26.181" classname="com.zhou.autotest.user.M1_fun_tv_home_user7_Microfilm"/>
  <testcase name="testMicroFilm" time="21.652" classname="com.zhou.autotest.user.M1_fun_tv_home_user7_Microfilm"/>
  <testcase name="testLocalStorage" time="3.024" classname="com.zhou.autotest.user.M1_fun_tv_home_user7_Microfilm"/>
  <testcase name="briefIntroduction" time="0.245" classname="com.zhou.autotest.user.M1_fun_tv_home_user7_Microfilm"/>
</testsuite>
