<?xml version="1.0" encoding="UTF-8"?>
<!-- Generated by org.testng.reporters.JUnitReportReporter -->
<testsuite hostname="FX-JSJ800" name="com.zhou.posidonautotest.vplay.SportsRetrieval" tests="3" failures="0" timestamp="10 May 2016 05:20:04 GMT" time="0.166" errors="0">
  <testcase name="testsportsAll" time="0.030" classname="com.zhou.posidonautotest.vplay.SportsRetrieval"/>
  <testcase name="testsportsBasketball" time="0.120" classname="com.zhou.posidonautotest.vplay.SportsRetrieval"/>
  <testcase name="testSportsFilters" time="0.016" classname="com.zhou.posidonautotest.vplay.SportsRetrieval"/>
</testsuite>
