<?xml version="1.0" encoding="UTF-8"?>
<!-- Generated by org.testng.reporters.JUnitReportReporter -->
<testsuite hostname="FX-JSJ800" name="com.zhou.autotest.M1_fun_tv_vplay_malliance" tests="4" failures="0" timestamp="16 Mar 2016 08:24:56 GMT" time="38.799" errors="0">
  <testcase name="testFUNCookies" time="0.037" classname="com.zhou.autotest.M1_fun_tv_vplay_malliance"/>
  <testcase name="testPauseAndFullPlay" time="29.204" classname="com.zhou.autotest.M1_fun_tv_vplay_malliance"/>
  <testcase name="testPlayNext" time="4.121" classname="com.zhou.autotest.M1_fun_tv_vplay_malliance"/>
  <testcase name="testClickSkip" time="5.437" classname="com.zhou.autotest.M1_fun_tv_vplay_malliance"/>
</testsuite> <!-- com.zhou.autotest.M1_fun_tv_vplay_malliance -->
