<?xml version="1.0" encoding="UTF-8"?>
<!-- Generated by org.testng.reporters.JUnitReportReporter -->
<testsuite hostname="FX-JSJ800" name="com.zhou.autotest.M1_fun_tv_home_user5" tests="5" failures="0" timestamp="16 Mar 2016 06:12:43 GMT" time="24.682" errors="0">
  <testcase name="testClickSkip" time="6.356" classname="com.zhou.autotest.M1_fun_tv_home_user5"/>
  <testcase name="testRecentSearchLocalStorage" time="3.013" classname="com.zhou.autotest.M1_fun_tv_home_user5"/>
  <testcase name="testTextShow" time="0.026" classname="com.zhou.autotest.M1_fun_tv_home_user5"/>
  <testcase name="testSearch" time="12.224" classname="com.zhou.autotest.M1_fun_tv_home_user5"/>
  <testcase name="testPlayShow" time="3.063" classname="com.zhou.autotest.M1_fun_tv_home_user5"/>
</testsuite>
