<?xml version="1.0" encoding="UTF-8"?>
<!-- Generated by org.testng.reporters.JUnitReportReporter -->
<testsuite hostname="FX-JSJ800" name="com.zhou.autotest.channel.M1_fun_tv_home_cookiesAndLocalStorage" tests="5" failures="0" timestamp="22 Apr 2016 09:16:07 GMT" time="8.474" errors="0">
  <testcase name="testFUNCookies" time="0.061" classname="com.zhou.autotest.channel.M1_fun_tv_home_cookiesAndLocalStorage"/>
  <testcase name="testClearCookie" time="0.465" classname="com.zhou.autotest.channel.M1_fun_tv_home_cookiesAndLocalStorage"/>
  <testcase name="testFUNLocalstorage" time="0.010" classname="com.zhou.autotest.channel.M1_fun_tv_home_cookiesAndLocalStorage"/>
  <testcase name="testClearLocalstorage" time="0.020" classname="com.zhou.autotest.channel.M1_fun_tv_home_cookiesAndLocalStorage"/>
  <testcase name="testClickSkip" time="7.918" classname="com.zhou.autotest.channel.M1_fun_tv_home_cookiesAndLocalStorage"/>
</testsuite>
