<?xml version="1.0" encoding="UTF-8"?>
<!-- Generated by org.testng.reporters.JUnitReportReporter -->
<testsuite hostname="FX-JSJ800" name="com.zhou.posidonautotest.vplay.SquaredanceRetrieval" tests="3" failures="0" timestamp="10 May 2016 05:20:04 GMT" time="0.248" errors="0">
  <testcase name="testSquaredanceTeaching" time="0.120" classname="com.zhou.posidonautotest.vplay.SquaredanceRetrieval"/>
  <testcase name="testSquaredanceAll" time="0.115" classname="com.zhou.posidonautotest.vplay.SquaredanceRetrieval"/>
  <testcase name="testSquaredanceFilters" time="0.013" classname="com.zhou.posidonautotest.vplay.SquaredanceRetrieval"/>
</testsuite>
