<?xml version="1.0" encoding="UTF-8"?>
<!-- Generated by org.testng.reporters.JUnitReportReporter -->
<testsuite hostname="FX-JSJ800" name="com.zhou.posidonautotest.mplay.MicrofilmRetrieval" tests="3" failures="0" timestamp="10 May 2016 05:20:04 GMT" time="0.189" errors="0">
  <testcase name="testMicrofilmDetail" time="0.035" classname="com.zhou.posidonautotest.mplay.MicrofilmRetrieval"/>
  <testcase name="testMicrofilmAll" time="0.138" classname="com.zhou.posidonautotest.mplay.MicrofilmRetrieval"/>
  <testcase name="testMicrofilmFilters" time="0.016" classname="com.zhou.posidonautotest.mplay.MicrofilmRetrieval"/>
</testsuite>
